2018-07-17 11:38:54 +0000  Initial pipeline context: <IDEDistributionProcessingPipelineContext: 0x7fe61e746180; archive(resolved)='<IDEArchive: 0x7fe61dd899e0>', distributionTask(resolved)='2', distributionMethod(resolved)='<IDEDistributionMethodDevelopmentSigned: 0x7fe62feafe40>', team(resolved)='<IDEProvisioningBasicTeam: 0x7fe61dd557d0; teamID='RT44NCJNJ3', teamName='Kasetsart University (Office of Computer Services)'>'>
	Chain (11, self inclusive):
	<IDEDistributionProcessingPipelineContext: 0x7fe61e746180; archive = '<IDEArchive: 0x7fe61dd899e0>', distributionMethod='<IDEDistributionMethodDevelopmentSigned: 0x7fe62feafe40>', team='<IDEProvisioningBasicTeam: 0x7fe61dd557d0; teamID='RT44NCJNJ3', teamName='Kasetsart University (Office of Computer Services)'>'>
	<IDEDistributionProcessingPipelineContext: 0x7fe61c8c4810; archive = '<IDEArchive: 0x7fe61dd899e0>', distributionMethod='<IDEDistributionMethodDevelopmentSigned: 0x7fe62feafe40>', team='<IDEProvisioningBasicTeam: 0x7fe61dd557d0; teamID='RT44NCJNJ3', teamName='Kasetsart University (Office of Computer Services)'>'>
	<IDEDistributionContext: 0x7fe61e0bac30; archive = '<IDEArchive: 0x7fe61dd899e0>', distributionMethod='<IDEDistributionMethodDevelopmentSigned: 0x7fe62feafe40>', team='<IDEProvisioningBasicTeam: 0x7fe61dd557d0; teamID='RT44NCJNJ3', teamName='Kasetsart University (Office of Computer Services)'>'>
	<IDEDistributionContext: 0x7fe631a7d6e0; archive = '<IDEArchive: 0x7fe61dd899e0>', distributionMethod='<IDEDistributionMethodDevelopmentSigned: 0x7fe62feafe40>', team='<IDEProvisioningBasicTeam: 0x7fe61dd557d0; teamID='RT44NCJNJ3', teamName='Kasetsart University (Office of Computer Services)'>'>
	<IDEDistributionContext: 0x7fe6297bfc50; archive = '<IDEArchive: 0x7fe61dd899e0>', distributionMethod='<IDEDistributionMethodDevelopmentSigned: 0x7fe62feafe40>', team='<IDEProvisioningBasicTeam: 0x7fe61dd557d0; teamID='RT44NCJNJ3', teamName='Kasetsart University (Office of Computer Services)'>'>
	<IDEDistributionContext: 0x7fe61cc87ee0; archive = '<IDEArchive: 0x7fe61dd899e0>', distributionMethod='<IDEDistributionMethodDevelopmentSigned: 0x7fe62feafe40>', team='<IDEProvisioningBasicTeam: 0x7fe61dd557d0; teamID='RT44NCJNJ3', teamName='Kasetsart University (Office of Computer Services)'>'>
	<IDEDistributionContext: 0x7fe61e485bc0; archive = '<IDEArchive: 0x7fe61dd899e0>', distributionMethod='<IDEDistributionMethodDevelopmentSigned: 0x7fe62feafe40>', team='<IDEProvisioningBasicTeam: 0x7fe61dd557d0; teamID='RT44NCJNJ3', teamName='Kasetsart University (Office of Computer Services)'>'>
	<IDEDistributionContext: 0x7fe61e038e30; archive = '<IDEArchive: 0x7fe61dd899e0>', distributionMethod='<IDEDistributionMethodDevelopmentSigned: 0x7fe62feafe40>', team='<IDEProvisioningBasicTeam: 0x7fe61dd557d0; teamID='RT44NCJNJ3', teamName='Kasetsart University (Office of Computer Services)'>'>
	<IDEDistributionContext: 0x7fe61e37dd10; archive = '<IDEArchive: 0x7fe61dd899e0>', distributionMethod='<IDEDistributionMethodDevelopmentSigned: 0x7fe62feafe40>', team='<IDEProvisioningBasicTeam: 0x7fe61dd557d0; teamID='RT44NCJNJ3', teamName='Kasetsart University (Office of Computer Services)'>'>
	<IDEDistributionContext: 0x7fe61ddf1100; archive = '<IDEArchive: 0x7fe61dd899e0>', distributionMethod='<IDEDistributionMethodDevelopmentSigned: 0x7fe62feafe40>', team='(null)'>
	<IDEDistributionContext: 0x7fe61e3e6bb0; archive = '<IDEArchive: 0x7fe61dd899e0>', distributionMethod='(null)', team='(null)'>
</IDEDistributionProcessingPipelineContext: 0x7fe61e746180>
2018-07-17 11:38:54 +0000  Processing step: IDEDistributionCreateDestRootStep
2018-07-17 11:38:54 +0000  Processing step: IDEDistributionCopyItemStep
2018-07-17 11:38:54 +0000  Running /usr/bin/ditto '-V' '/Users/kamontat/Library/Developer/Xcode/Archives/2018-07-17/Runner 17-7-18 18.30.xcarchive/Products/Applications/Runner.app' '/var/folders/yk/26hd6t611yq4m8p1tv1pcfnh0000gn/T/XcodeDistPipeline.3v7/Root/Payload/Runner.app'
2018-07-17 11:38:54 +0000  >>> Copying /Users/kamontat/Library/Developer/Xcode/Archives/2018-07-17/Runner 17-7-18 18.30.xcarchive/Products/Applications/Runner.app 
2018-07-17 11:38:54 +0000  copying file ./_CodeSignature/CodeResources ... 
2018-07-17 11:38:54 +0000  20387 bytes for ./_CodeSignature/CodeResources
2018-07-17 11:38:54 +0000  copying file ./AppIcon20x20@2x.png ... 
2018-07-17 11:38:54 +0000  1304 bytes for ./AppIcon20x20@2x.png
copying file ./AppIcon20x20@3x.png ... 
2018-07-17 11:38:54 +0000  1883 bytes for ./AppIcon20x20@3x.png
copying file ./AppIcon29x29.png ... 
2018-07-17 11:38:54 +0000  1010 bytes for ./AppIcon29x29.png
2018-07-17 11:38:54 +0000  copying file ./AppIcon60x60@2x.png ... 
2018-07-17 11:38:54 +0000  3364 bytes for ./AppIcon60x60@2x.png
2018-07-17 11:38:54 +0000  copying file ./Runner ... 
2018-07-17 11:38:54 +0000  176208 bytes for ./Runner
2018-07-17 11:38:54 +0000  copying file ./AppIcon29x29@2x.png ... 
2018-07-17 11:38:54 +0000  1767 bytes for ./AppIcon29x29@2x.png
2018-07-17 11:38:54 +0000  copying file ./AppIcon40x40@3x.png ... 
2018-07-17 11:38:54 +0000  3364 bytes for ./AppIcon40x40@3x.png
copying file ./AppIcon29x29~ipad.png ... 
2018-07-17 11:38:54 +0000  1010 bytes for ./AppIcon29x29~ipad.png
2018-07-17 11:38:54 +0000  copying file ./AppIcon40x40@2x.png ... 
2018-07-17 11:38:54 +0000  2389 bytes for ./AppIcon40x40@2x.png
copying file ./AppIcon29x29@3x.png ... 
2018-07-17 11:38:54 +0000  2427 bytes for ./AppIcon29x29@3x.png
2018-07-17 11:38:54 +0000  copying file ./AppIcon60x60@3x.png ... 
2018-07-17 11:38:54 +0000  4812 bytes for ./AppIcon60x60@3x.png
2018-07-17 11:38:54 +0000  copying file ./Base.lproj/Main.storyboardc/UIViewController-BYZ-38-t0r.nib ... 
2018-07-17 11:38:54 +0000  923 bytes for ./Base.lproj/Main.storyboardc/UIViewController-BYZ-38-t0r.nib
2018-07-17 11:38:54 +0000  copying file ./Base.lproj/Main.storyboardc/BYZ-38-t0r-view-8bC-Xf-vdC.nib ... 
2018-07-17 11:38:54 +0000  1792 bytes for ./Base.lproj/Main.storyboardc/BYZ-38-t0r-view-8bC-Xf-vdC.nib
2018-07-17 11:38:54 +0000  copying file ./Base.lproj/Main.storyboardc/Info.plist ... 
2018-07-17 11:38:54 +0000  258 bytes for ./Base.lproj/Main.storyboardc/Info.plist
2018-07-17 11:38:54 +0000  copying file ./Base.lproj/LaunchScreen.storyboardc/01J-lp-oVM-view-Ze5-6b-2t3.nib ... 
2018-07-17 11:38:54 +0000  2155 bytes for ./Base.lproj/LaunchScreen.storyboardc/01J-lp-oVM-view-Ze5-6b-2t3.nib
copying file ./Base.lproj/LaunchScreen.storyboardc/UIViewController-01J-lp-oVM.nib ... 
2018-07-17 11:38:54 +0000  832 bytes for ./Base.lproj/LaunchScreen.storyboardc/UIViewController-01J-lp-oVM.nib
2018-07-17 11:38:54 +0000  copying file ./Base.lproj/LaunchScreen.storyboardc/Info.plist ... 
2018-07-17 11:38:54 +0000  258 bytes for ./Base.lproj/LaunchScreen.storyboardc/Info.plist
2018-07-17 11:38:54 +0000  copying file ./flutter_assets/LICENSE ... 
2018-07-17 11:38:54 +0000  599595 bytes for ./flutter_assets/LICENSE
2018-07-17 11:38:54 +0000  copying file ./flutter_assets/resources/restaurant.json ... 
2018-07-17 11:38:54 +0000  6291 bytes for ./flutter_assets/resources/restaurant.json
copying file ./flutter_assets/resources/creditcard.json ... 
2018-07-17 11:38:54 +0000  561 bytes for ./flutter_assets/resources/creditcard.json
copying file ./flutter_assets/resources/order.json ... 
2018-07-17 11:38:54 +0000  912 bytes for ./flutter_assets/resources/order.json
2018-07-17 11:38:54 +0000  copying file ./flutter_assets/AssetManifest.json ... 
2018-07-17 11:38:54 +0000  273 bytes for ./flutter_assets/AssetManifest.json
2018-07-17 11:38:54 +0000  copying file ./flutter_assets/FontManifest.json ... 
2018-07-17 11:38:54 +0000  208 bytes for ./flutter_assets/FontManifest.json
2018-07-17 11:38:54 +0000  copying file ./flutter_assets/packages/cupertino_icons/assets/CupertinoIcons.ttf ... 
2018-07-17 11:38:54 +0000  97680 bytes for ./flutter_assets/packages/cupertino_icons/assets/CupertinoIcons.ttf
2018-07-17 11:38:54 +0000  copying file ./flutter_assets/fonts/MaterialIcons-Regular.ttf ... 
2018-07-17 11:38:54 +0000  134640 bytes for ./flutter_assets/fonts/MaterialIcons-Regular.ttf
2018-07-17 11:38:54 +0000  copying file ./Assets.car ... 
2018-07-17 11:38:54 +0000  111560 bytes for ./Assets.car
2018-07-17 11:38:54 +0000  copying file ./AppFrameworkInfo.plist ... 
2018-07-17 11:38:54 +0000  376 bytes for ./AppFrameworkInfo.plist
copying file ./AppIcon40x40@2x~ipad.png ... 
2018-07-17 11:38:54 +0000  2389 bytes for ./AppIcon40x40@2x~ipad.png
copying file ./AppIcon76x76@2x~ipad.png ... 
2018-07-17 11:38:54 +0000  4121 bytes for ./AppIcon76x76@2x~ipad.png
2018-07-17 11:38:54 +0000  copying file ./AppIcon83.5x83.5@2x~ipad.png ... 
2018-07-17 11:38:54 +0000  4539 bytes for ./AppIcon83.5x83.5@2x~ipad.png
copying file ./AppIcon29x29@2x~ipad.png ... 
2018-07-17 11:38:54 +0000  1767 bytes for ./AppIcon29x29@2x~ipad.png
copying file ./AppIcon40x40~ipad.png ... 
2018-07-17 11:38:54 +0000  1304 bytes for ./AppIcon40x40~ipad.png
2018-07-17 11:38:54 +0000  copying file ./Frameworks/libswiftCoreImage.dylib ... 
2018-07-17 11:38:54 +0000  250704 bytes for ./Frameworks/libswiftCoreImage.dylib
2018-07-17 11:38:54 +0000  copying file ./Frameworks/libswiftObjectiveC.dylib ... 
2018-07-17 11:38:54 +0000  299728 bytes for ./Frameworks/libswiftObjectiveC.dylib
2018-07-17 11:38:54 +0000  copying file ./Frameworks/libswiftCore.dylib ... 
2018-07-17 11:38:54 +0000  18072512 bytes for ./Frameworks/libswiftCore.dylib
copying file ./Frameworks/libswiftCoreGraphics.dylib ... 
2018-07-17 11:38:54 +0000  650384 bytes for ./Frameworks/libswiftCoreGraphics.dylib
2018-07-17 11:38:54 +0000  copying file ./Frameworks/libswiftUIKit.dylib ... 
2018-07-17 11:38:54 +0000  459728 bytes for ./Frameworks/libswiftUIKit.dylib
2018-07-17 11:38:54 +0000  copying file ./Frameworks/libswiftMetal.dylib ... 
2018-07-17 11:38:54 +0000  260480 bytes for ./Frameworks/libswiftMetal.dylib
copying file ./Frameworks/libswiftDispatch.dylib ... 
2018-07-17 11:38:54 +0000  987136 bytes for ./Frameworks/libswiftDispatch.dylib
copying file ./Frameworks/libswiftos.dylib ... 
2018-07-17 11:38:54 +0000  259376 bytes for ./Frameworks/libswiftos.dylib
2018-07-17 11:38:54 +0000  copying file ./Frameworks/libswiftCoreFoundation.dylib ... 
2018-07-17 11:38:54 +0000  250176 bytes for ./Frameworks/libswiftCoreFoundation.dylib
2018-07-17 11:38:54 +0000  copying file ./Frameworks/Flutter.framework/_CodeSignature/CodeResources ... 
2018-07-17 11:38:54 +0000  2488 bytes for ./Frameworks/Flutter.framework/_CodeSignature/CodeResources
2018-07-17 11:38:54 +0000  copying file ./Frameworks/Flutter.framework/icudtl.dat ... 
2018-07-17 11:38:54 +0000  6623360 bytes for ./Frameworks/Flutter.framework/icudtl.dat
copying file ./Frameworks/Flutter.framework/Flutter ... 
2018-07-17 11:38:54 +0000  21798064 bytes for ./Frameworks/Flutter.framework/Flutter
2018-07-17 11:38:54 +0000  copying file ./Frameworks/Flutter.framework/Info.plist ... 
867 bytes for ./Frameworks/Flutter.framework/Info.plist
copying file ./Frameworks/App.framework/_CodeSignature/CodeResources ... 
2202 bytes for ./Frameworks/App.framework/_CodeSignature/CodeResources
copying file ./Frameworks/App.framework/App ... 
2018-07-17 11:38:54 +0000  22495904 bytes for ./Frameworks/App.framework/App
copying file ./Frameworks/App.framework/Info.plist ... 
2018-07-17 11:38:54 +0000  773 bytes for ./Frameworks/App.framework/Info.plist
copying file ./Frameworks/libswiftDarwin.dylib ... 
403520 bytes for ./Frameworks/libswiftDarwin.dylib
copying file ./Frameworks/libswiftQuartzCore.dylib ... 
253680 bytes for ./Frameworks/libswiftQuartzCore.dylib
copying file ./Frameworks/libswiftCoreAudio.dylib ... 
340032 bytes for ./Frameworks/libswiftCoreAudio.dylib
copying file ./Frameworks/libswiftFoundation.dylib ... 
2018-07-17 11:38:54 +0000  2018-07-17 11:38:54 +0000  /usr/bin/ditto exited with 0

2018-07-17 11:38:55 +0000  8570560 bytes for ./Frameworks/libswiftFoundation.dylib
copying file ./Frameworks/libswiftCoreMedia.dylib ... 
262448 bytes for ./Frameworks/libswiftCoreMedia.dylib
copying file ./AppIcon20x20~ipad.png ... 
531 bytes for ./AppIcon20x20~ipad.png
copying file ./embedded.mobileprovision ... 
27806 bytes for ./embedded.mobileprovision
copying file ./AppIcon20x20@2x~ipad.png ... 
1304 bytes for ./AppIcon20x20@2x~ipad.png
copying file ./Info.plist ... 
1414 bytes for ./Info.plist
copying file ./PkgInfo ... 
8 bytes for ./PkgInfo
copying file ./AppIcon76x76~ipad.png ... 
2357 bytes for ./AppIcon76x76~ipad.png
2018-07-17 11:38:55 +0000  Processing step: IDEDistributionEmbedProfileStep
2018-07-17 11:38:55 +0000  Skipping profile for item: <IDEDistributionItem: 0x7fe61ae98ec0 'io.flutter.flutter.app' '<DVTFilePath:0x7fe62fe3d560:'/Users/kamontat/Library/Developer/Xcode/Archives/2018-07-17/Runner 17-7-18 18.30.xcarchive/Products/Applications/Runner.app/Frameworks/App.framework'>'>
2018-07-17 11:38:55 +0000  Skipping profile for item: <IDEDistributionItem: 0x7fe61e5cd3c0 'io.flutter.flutter' '<DVTFilePath:0x7fe61da79c60:'/Users/kamontat/Library/Developer/Xcode/Archives/2018-07-17/Runner 17-7-18 18.30.xcarchive/Products/Applications/Runner.app/Frameworks/Flutter.framework'>'>
2018-07-17 11:38:55 +0000  Skipping profile for item: <IDEDistributionItem: 0x7fe61dd5e6e0 'com.apple.dt.runtime.swiftCore' '<DVTFilePath:0x7fe61db40f60:'/Users/kamontat/Library/Developer/Xcode/Archives/2018-07-17/Runner 17-7-18 18.30.xcarchive/Products/Applications/Runner.app/Frameworks/libswiftCore.dylib'>'>
2018-07-17 11:38:55 +0000  Skipping profile for item: <IDEDistributionItem: 0x7fe61e48f380 'com.apple.dt.runtime.swiftCoreAudio' '<DVTFilePath:0x7fe61e3b7290:'/Users/kamontat/Library/Developer/Xcode/Archives/2018-07-17/Runner 17-7-18 18.30.xcarchive/Products/Applications/Runner.app/Frameworks/libswiftCoreAudio.dylib'>'>
2018-07-17 11:38:55 +0000  Skipping profile for item: <IDEDistributionItem: 0x7fe61e06f970 'com.apple.dt.runtime.swiftCoreFoundation' '<DVTFilePath:0x7fe61cce4580:'/Users/kamontat/Library/Developer/Xcode/Archives/2018-07-17/Runner 17-7-18 18.30.xcarchive/Products/Applications/Runner.app/Frameworks/libswiftCoreFoundation.dylib'>'>
2018-07-17 11:38:55 +0000  Skipping profile for item: <IDEDistributionItem: 0x7fe61db8ade0 'com.apple.dt.runtime.swiftCoreGraphics' '<DVTFilePath:0x7fe630f122f0:'/Users/kamontat/Library/Developer/Xcode/Archives/2018-07-17/Runner 17-7-18 18.30.xcarchive/Products/Applications/Runner.app/Frameworks/libswiftCoreGraphics.dylib'>'>
2018-07-17 11:38:55 +0000  Skipping profile for item: <IDEDistributionItem: 0x7fe61e03b5b0 'com.apple.dt.runtime.swiftCoreImage' '<DVTFilePath:0x7fe61dfa9400:'/Users/kamontat/Library/Developer/Xcode/Archives/2018-07-17/Runner 17-7-18 18.30.xcarchive/Products/Applications/Runner.app/Frameworks/libswiftCoreImage.dylib'>'>
2018-07-17 11:38:55 +0000  Skipping profile for item: <IDEDistributionItem: 0x7fe61db89c00 'com.apple.dt.runtime.swiftCoreMedia' '<DVTFilePath:0x7fe61dd2ab70:'/Users/kamontat/Library/Developer/Xcode/Archives/2018-07-17/Runner 17-7-18 18.30.xcarchive/Products/Applications/Runner.app/Frameworks/libswiftCoreMedia.dylib'>'>
2018-07-17 11:38:55 +0000  Skipping profile for item: <IDEDistributionItem: 0x7fe61e09d730 'com.apple.dt.runtime.swiftDarwin' '<DVTFilePath:0x7fe61a9447b0:'/Users/kamontat/Library/Developer/Xcode/Archives/2018-07-17/Runner 17-7-18 18.30.xcarchive/Products/Applications/Runner.app/Frameworks/libswiftDarwin.dylib'>'>
2018-07-17 11:38:55 +0000  Skipping profile for item: <IDEDistributionItem: 0x7fe61db819f0 'com.apple.dt.runtime.swiftDispatch' '<DVTFilePath:0x7fe61db6f390:'/Users/kamontat/Library/Developer/Xcode/Archives/2018-07-17/Runner 17-7-18 18.30.xcarchive/Products/Applications/Runner.app/Frameworks/libswiftDispatch.dylib'>'>
2018-07-17 11:38:55 +0000  Skipping profile for item: <IDEDistributionItem: 0x7fe61e4ad4c0 'com.apple.dt.runtime.swiftFoundation' '<DVTFilePath:0x7fe61ddf2d20:'/Users/kamontat/Library/Developer/Xcode/Archives/2018-07-17/Runner 17-7-18 18.30.xcarchive/Products/Applications/Runner.app/Frameworks/libswiftFoundation.dylib'>'>
2018-07-17 11:38:55 +0000  Skipping profile for item: <IDEDistributionItem: 0x7fe61dbd9ad0 'com.apple.dt.runtime.swiftMetal' '<DVTFilePath:0x7fe631dc35f0:'/Users/kamontat/Library/Developer/Xcode/Archives/2018-07-17/Runner 17-7-18 18.30.xcarchive/Products/Applications/Runner.app/Frameworks/libswiftMetal.dylib'>'>
2018-07-17 11:38:55 +0000  Skipping profile for item: <IDEDistributionItem: 0x7fe61c9dd860 'com.apple.dt.runtime.swiftObjectiveC' '<DVTFilePath:0x7fe631eda5c0:'/Users/kamontat/Library/Developer/Xcode/Archives/2018-07-17/Runner 17-7-18 18.30.xcarchive/Products/Applications/Runner.app/Frameworks/libswiftObjectiveC.dylib'>'>
2018-07-17 11:38:55 +0000  Skipping profile for item: <IDEDistributionItem: 0x7fe61e72cb10 'com.apple.dt.runtime.swiftQuartzCore' '<DVTFilePath:0x7fe61e5550c0:'/Users/kamontat/Library/Developer/Xcode/Archives/2018-07-17/Runner 17-7-18 18.30.xcarchive/Products/Applications/Runner.app/Frameworks/libswiftQuartzCore.dylib'>'>
2018-07-17 11:38:55 +0000  Skipping profile for item: <IDEDistributionItem: 0x7fe61e4f9610 'com.apple.dt.runtime.swiftUIKit' '<DVTFilePath:0x7fe61dbd2360:'/Users/kamontat/Library/Developer/Xcode/Archives/2018-07-17/Runner 17-7-18 18.30.xcarchive/Products/Applications/Runner.app/Frameworks/libswiftUIKit.dylib'>'>
2018-07-17 11:38:55 +0000  Skipping profile for item: <IDEDistributionItem: 0x7fe61e0c9db0 'com.apple.dt.runtime.swiftos' '<DVTFilePath:0x7fe61db4cfa0:'/Users/kamontat/Library/Developer/Xcode/Archives/2018-07-17/Runner 17-7-18 18.30.xcarchive/Products/Applications/Runner.app/Frameworks/libswiftos.dylib'>'>
2018-07-17 11:38:55 +0000  Processing step: IDEDistributionAppThinningPlistStep
2018-07-17 11:38:55 +0000  Skipping step: IDEDistributionAppThinningPlistStep because it said so
2018-07-17 11:38:55 +0000  Processing step: IDEDistributionCompileBitcodeStep
2018-07-17 11:38:55 +0000  Skipping step: IDEDistributionCompileBitcodeStep because it said so
2018-07-17 11:38:55 +0000  Processing step: IDEDistributionCodeSlimmingStep
2018-07-17 11:38:55 +0000  Processing step: IDEDistributionCopyBCSymbolMapsStep
2018-07-17 11:38:55 +0000  Skipping step: IDEDistributionCopyBCSymbolMapsStep because it said so
2018-07-17 11:38:55 +0000  Skipping step: IDEDistributionCopyBCSymbolMapsStep because it said so
2018-07-17 11:38:55 +0000  Skipping step: IDEDistributionCopyBCSymbolMapsStep because it said so
2018-07-17 11:38:55 +0000  Skipping step: IDEDistributionCopyBCSymbolMapsStep because it said so
2018-07-17 11:38:55 +0000  Skipping step: IDEDistributionCopyBCSymbolMapsStep because it said so
2018-07-17 11:38:55 +0000  Skipping step: IDEDistributionCopyBCSymbolMapsStep because it said so
2018-07-17 11:38:55 +0000  Skipping step: IDEDistributionCopyBCSymbolMapsStep because it said so
2018-07-17 11:38:55 +0000  Skipping step: IDEDistributionCopyBCSymbolMapsStep because it said so
2018-07-17 11:38:55 +0000  Skipping step: IDEDistributionCopyBCSymbolMapsStep because it said so
2018-07-17 11:38:55 +0000  Skipping step: IDEDistributionCopyBCSymbolMapsStep because it said so
2018-07-17 11:38:55 +0000  Skipping step: IDEDistributionCopyBCSymbolMapsStep because it said so
2018-07-17 11:38:55 +0000  Skipping step: IDEDistributionCopyBCSymbolMapsStep because it said so
2018-07-17 11:38:55 +0000  Skipping step: IDEDistributionCopyBCSymbolMapsStep because it said so
2018-07-17 11:38:55 +0000  Skipping step: IDEDistributionCopyBCSymbolMapsStep because it said so
2018-07-17 11:38:55 +0000  Skipping step: IDEDistributionCopyBCSymbolMapsStep because it said so
2018-07-17 11:38:55 +0000  Skipping step: IDEDistributionCopyBCSymbolMapsStep because it said so
2018-07-17 11:38:55 +0000  Skipping step: IDEDistributionCopyBCSymbolMapsStep because it said so
2018-07-17 11:38:55 +0000  Processing step: IDEDistributionSymbolsStep
2018-07-17 11:38:55 +0000  Skipping step: IDEDistributionSymbolsStep because it said so
2018-07-17 11:38:55 +0000  Skipping step: IDEDistributionSymbolsStep because it said so
2018-07-17 11:38:55 +0000  Skipping step: IDEDistributionSymbolsStep because it said so
2018-07-17 11:38:55 +0000  Skipping step: IDEDistributionSymbolsStep because it said so
2018-07-17 11:38:55 +0000  Skipping step: IDEDistributionSymbolsStep because it said so
2018-07-17 11:38:55 +0000  Skipping step: IDEDistributionSymbolsStep because it said so
2018-07-17 11:38:55 +0000  Skipping step: IDEDistributionSymbolsStep because it said so
2018-07-17 11:38:55 +0000  Skipping step: IDEDistributionSymbolsStep because it said so
2018-07-17 11:38:55 +0000  Skipping step: IDEDistributionSymbolsStep because it said so
2018-07-17 11:38:55 +0000  Skipping step: IDEDistributionSymbolsStep because it said so
2018-07-17 11:38:55 +0000  Skipping step: IDEDistributionSymbolsStep because it said so
2018-07-17 11:38:55 +0000  Skipping step: IDEDistributionSymbolsStep because it said so
2018-07-17 11:38:55 +0000  Skipping step: IDEDistributionSymbolsStep because it said so
2018-07-17 11:38:55 +0000  Skipping step: IDEDistributionSymbolsStep because it said so
2018-07-17 11:38:55 +0000  Skipping step: IDEDistributionSymbolsStep because it said so
2018-07-17 11:38:55 +0000  Skipping step: IDEDistributionSymbolsStep because it said so
2018-07-17 11:38:55 +0000  Skipping step: IDEDistributionSymbolsStep because it said so
2018-07-17 11:38:55 +0000  Processing step: IDEDistributionAppThinningStep
2018-07-17 11:38:55 +0000  Skipping step: IDEDistributionAppThinningStep because it said so
2018-07-17 11:38:55 +0000  Processing step: IDEDistributionODRStep
2018-07-17 11:38:55 +0000  Processing step: IDEDistributionStripXattrsStep
2018-07-17 11:38:55 +0000  Skipping stripping extended attributes of item: <IDEDistributionItem: 0x7fe61ae98ec0 'io.flutter.flutter.app' '<DVTFilePath:0x7fe62fe3d560:'/Users/kamontat/Library/Developer/Xcode/Archives/2018-07-17/Runner 17-7-18 18.30.xcarchive/Products/Applications/Runner.app/Frameworks/App.framework'>'>
2018-07-17 11:38:55 +0000  Skipping stripping extended attributes of item: <IDEDistributionItem: 0x7fe61e5cd3c0 'io.flutter.flutter' '<DVTFilePath:0x7fe61da79c60:'/Users/kamontat/Library/Developer/Xcode/Archives/2018-07-17/Runner 17-7-18 18.30.xcarchive/Products/Applications/Runner.app/Frameworks/Flutter.framework'>'>
2018-07-17 11:38:55 +0000  Skipping stripping extended attributes of item: <IDEDistributionItem: 0x7fe61dd5e6e0 'com.apple.dt.runtime.swiftCore' '<DVTFilePath:0x7fe61db40f60:'/Users/kamontat/Library/Developer/Xcode/Archives/2018-07-17/Runner 17-7-18 18.30.xcarchive/Products/Applications/Runner.app/Frameworks/libswiftCore.dylib'>'>
2018-07-17 11:38:55 +0000  Skipping stripping extended attributes of item: <IDEDistributionItem: 0x7fe61e48f380 'com.apple.dt.runtime.swiftCoreAudio' '<DVTFilePath:0x7fe61e3b7290:'/Users/kamontat/Library/Developer/Xcode/Archives/2018-07-17/Runner 17-7-18 18.30.xcarchive/Products/Applications/Runner.app/Frameworks/libswiftCoreAudio.dylib'>'>
2018-07-17 11:38:55 +0000  Skipping stripping extended attributes of item: <IDEDistributionItem: 0x7fe61e06f970 'com.apple.dt.runtime.swiftCoreFoundation' '<DVTFilePath:0x7fe61cce4580:'/Users/kamontat/Library/Developer/Xcode/Archives/2018-07-17/Runner 17-7-18 18.30.xcarchive/Products/Applications/Runner.app/Frameworks/libswiftCoreFoundation.dylib'>'>
2018-07-17 11:38:55 +0000  Skipping stripping extended attributes of item: <IDEDistributionItem: 0x7fe61db8ade0 'com.apple.dt.runtime.swiftCoreGraphics' '<DVTFilePath:0x7fe630f122f0:'/Users/kamontat/Library/Developer/Xcode/Archives/2018-07-17/Runner 17-7-18 18.30.xcarchive/Products/Applications/Runner.app/Frameworks/libswiftCoreGraphics.dylib'>'>
2018-07-17 11:38:55 +0000  Skipping stripping extended attributes of item: <IDEDistributionItem: 0x7fe61e03b5b0 'com.apple.dt.runtime.swiftCoreImage' '<DVTFilePath:0x7fe61dfa9400:'/Users/kamontat/Library/Developer/Xcode/Archives/2018-07-17/Runner 17-7-18 18.30.xcarchive/Products/Applications/Runner.app/Frameworks/libswiftCoreImage.dylib'>'>
2018-07-17 11:38:55 +0000  Skipping stripping extended attributes of item: <IDEDistributionItem: 0x7fe61db89c00 'com.apple.dt.runtime.swiftCoreMedia' '<DVTFilePath:0x7fe61dd2ab70:'/Users/kamontat/Library/Developer/Xcode/Archives/2018-07-17/Runner 17-7-18 18.30.xcarchive/Products/Applications/Runner.app/Frameworks/libswiftCoreMedia.dylib'>'>
2018-07-17 11:38:55 +0000  Skipping stripping extended attributes of item: <IDEDistributionItem: 0x7fe61e09d730 'com.apple.dt.runtime.swiftDarwin' '<DVTFilePath:0x7fe61a9447b0:'/Users/kamontat/Library/Developer/Xcode/Archives/2018-07-17/Runner 17-7-18 18.30.xcarchive/Products/Applications/Runner.app/Frameworks/libswiftDarwin.dylib'>'>
2018-07-17 11:38:55 +0000  Skipping stripping extended attributes of item: <IDEDistributionItem: 0x7fe61db819f0 'com.apple.dt.runtime.swiftDispatch' '<DVTFilePath:0x7fe61db6f390:'/Users/kamontat/Library/Developer/Xcode/Archives/2018-07-17/Runner 17-7-18 18.30.xcarchive/Products/Applications/Runner.app/Frameworks/libswiftDispatch.dylib'>'>
2018-07-17 11:38:55 +0000  Skipping stripping extended attributes of item: <IDEDistributionItem: 0x7fe61e4ad4c0 'com.apple.dt.runtime.swiftFoundation' '<DVTFilePath:0x7fe61ddf2d20:'/Users/kamontat/Library/Developer/Xcode/Archives/2018-07-17/Runner 17-7-18 18.30.xcarchive/Products/Applications/Runner.app/Frameworks/libswiftFoundation.dylib'>'>
2018-07-17 11:38:55 +0000  Skipping stripping extended attributes of item: <IDEDistributionItem: 0x7fe61dbd9ad0 'com.apple.dt.runtime.swiftMetal' '<DVTFilePath:0x7fe631dc35f0:'/Users/kamontat/Library/Developer/Xcode/Archives/2018-07-17/Runner 17-7-18 18.30.xcarchive/Products/Applications/Runner.app/Frameworks/libswiftMetal.dylib'>'>
2018-07-17 11:38:55 +0000  Skipping stripping extended attributes of item: <IDEDistributionItem: 0x7fe61c9dd860 'com.apple.dt.runtime.swiftObjectiveC' '<DVTFilePath:0x7fe631eda5c0:'/Users/kamontat/Library/Developer/Xcode/Archives/2018-07-17/Runner 17-7-18 18.30.xcarchive/Products/Applications/Runner.app/Frameworks/libswiftObjectiveC.dylib'>'>
2018-07-17 11:38:55 +0000  Skipping stripping extended attributes of item: <IDEDistributionItem: 0x7fe61e72cb10 'com.apple.dt.runtime.swiftQuartzCore' '<DVTFilePath:0x7fe61e5550c0:'/Users/kamontat/Library/Developer/Xcode/Archives/2018-07-17/Runner 17-7-18 18.30.xcarchive/Products/Applications/Runner.app/Frameworks/libswiftQuartzCore.dylib'>'>
2018-07-17 11:38:55 +0000  Skipping stripping extended attributes of item: <IDEDistributionItem: 0x7fe61e4f9610 'com.apple.dt.runtime.swiftUIKit' '<DVTFilePath:0x7fe61dbd2360:'/Users/kamontat/Library/Developer/Xcode/Archives/2018-07-17/Runner 17-7-18 18.30.xcarchive/Products/Applications/Runner.app/Frameworks/libswiftUIKit.dylib'>'>
2018-07-17 11:38:55 +0000  Skipping stripping extended attributes of item: <IDEDistributionItem: 0x7fe61e0c9db0 'com.apple.dt.runtime.swiftos' '<DVTFilePath:0x7fe61db4cfa0:'/Users/kamontat/Library/Developer/Xcode/Archives/2018-07-17/Runner 17-7-18 18.30.xcarchive/Products/Applications/Runner.app/Frameworks/libswiftos.dylib'>'>
2018-07-17 11:38:55 +0000  Running /usr/bin/xattr '-crs' '/var/folders/yk/26hd6t611yq4m8p1tv1pcfnh0000gn/T/XcodeDistPipeline.3v7/Root/Payload/Runner.app'
2018-07-17 11:38:55 +0000  
2018-07-17 11:38:55 +0000  
2018-07-17 11:38:55 +0000  /usr/bin/xattr exited with 0
2018-07-17 11:38:55 +0000  
2018-07-17 11:38:55 +0000  2018-07-17 11:38:55 +0000  Processing step: IDEDistributionCodesignStep

2018-07-17 11:38:55 +0000  Entitlements for <IDEDistributionItem: 0x7fe61ae98ec0 'io.flutter.flutter.app' '<DVTFilePath:0x7fe62fe3d560:'/Users/kamontat/Library/Developer/Xcode/Archives/2018-07-17/Runner 17-7-18 18.30.xcarchive/Products/Applications/Runner.app/Frameworks/App.framework'>'>: {
}
2018-07-17 11:38:55 +0000  Writing entitlements for <IDEDistributionItem: 0x7fe61ae98ec0 'io.flutter.flutter.app' '<DVTFilePath:0x7fe62fe3d560:'/Users/kamontat/Library/Developer/Xcode/Archives/2018-07-17/Runner 17-7-18 18.30.xcarchive/Products/Applications/Runner.app/Frameworks/App.framework'>'> to: /var/folders/yk/26hd6t611yq4m8p1tv1pcfnh0000gn/T/XcodeDistPipeline.3v7/entitlementsnzXEf8
2018-07-17 11:38:55 +0000  Running /usr/bin/codesign '-vvv' '--force' '--sign' '977DF1999A44953B6740F4433D0067934FCD4B2D' '--preserve-metadata=identifier,flags' '--entitlements' '/var/folders/yk/26hd6t611yq4m8p1tv1pcfnh0000gn/T/XcodeDistPipeline.3v7/entitlementsnzXEf8' '/var/folders/yk/26hd6t611yq4m8p1tv1pcfnh0000gn/T/XcodeDistPipeline.3v7/Root/Payload/Runner.app/Frameworks/App.framework'
2018-07-17 11:38:55 +0000  /var/folders/yk/26hd6t611yq4m8p1tv1pcfnh0000gn/T/XcodeDistPipeline.3v7/Root/Payload/Runner.app/Frameworks/App.framework: replacing existing signature
2018-07-17 11:38:55 +0000  /var/folders/yk/26hd6t611yq4m8p1tv1pcfnh0000gn/T/XcodeDistPipeline.3v7/Root/Payload/Runner.app/Frameworks/App.framework: signed bundle with Mach-O universal (armv7 arm64) [io.flutter.flutter.app]
2018-07-17 11:38:55 +0000  
2018-07-17 11:38:55 +0000  
2018-07-17 11:38:55 +0000  /usr/bin/codesign exited with 02018-07-17 11:38:55 +0000  

2018-07-17 11:38:55 +0000  
2018-07-17 11:38:55 +0000  
2018-07-17 11:38:55 +0000  Entitlements for <IDEDistributionItem: 0x7fe61e5cd3c0 'io.flutter.flutter' '<DVTFilePath:0x7fe61da79c60:'/Users/kamontat/Library/Developer/Xcode/Archives/2018-07-17/Runner 17-7-18 18.30.xcarchive/Products/Applications/Runner.app/Frameworks/Flutter.framework'>'>: {
}
2018-07-17 11:38:55 +0000  Writing entitlements for <IDEDistributionItem: 0x7fe61e5cd3c0 'io.flutter.flutter' '<DVTFilePath:0x7fe61da79c60:'/Users/kamontat/Library/Developer/Xcode/Archives/2018-07-17/Runner 17-7-18 18.30.xcarchive/Products/Applications/Runner.app/Frameworks/Flutter.framework'>'> to: /var/folders/yk/26hd6t611yq4m8p1tv1pcfnh0000gn/T/XcodeDistPipeline.3v7/entitlementsNyZFv1
2018-07-17 11:38:55 +0000  Running /usr/bin/codesign '-vvv' '--force' '--sign' '977DF1999A44953B6740F4433D0067934FCD4B2D' '--preserve-metadata=identifier,flags' '--entitlements' '/var/folders/yk/26hd6t611yq4m8p1tv1pcfnh0000gn/T/XcodeDistPipeline.3v7/entitlementsNyZFv1' '/var/folders/yk/26hd6t611yq4m8p1tv1pcfnh0000gn/T/XcodeDistPipeline.3v7/Root/Payload/Runner.app/Frameworks/Flutter.framework'
2018-07-17 11:38:55 +0000  /var/folders/yk/26hd6t611yq4m8p1tv1pcfnh0000gn/T/XcodeDistPipeline.3v7/Root/Payload/Runner.app/Frameworks/Flutter.framework: replacing existing signature
2018-07-17 11:38:56 +0000  /var/folders/yk/26hd6t611yq4m8p1tv1pcfnh0000gn/T/XcodeDistPipeline.3v7/Root/Payload/Runner.app/Frameworks/Flutter.framework: signed bundle with Mach-O universal (armv7 arm64) [io.flutter.flutter]
2018-07-17 11:38:56 +0000  2018-07-17 11:38:56 +0000  2018-07-17 11:38:56 +0000  /usr/bin/codesign exited with 0


2018-07-17 11:38:56 +0000  
2018-07-17 11:38:56 +0000  Entitlements for <IDEDistributionItem: 0x7fe61dd5e6e0 'com.apple.dt.runtime.swiftCore' '<DVTFilePath:0x7fe61db40f60:'/Users/kamontat/Library/Developer/Xcode/Archives/2018-07-17/Runner 17-7-18 18.30.xcarchive/Products/Applications/Runner.app/Frameworks/libswiftCore.dylib'>'>: {
}
2018-07-17 11:38:56 +0000  Writing entitlements for <IDEDistributionItem: 0x7fe61dd5e6e0 'com.apple.dt.runtime.swiftCore' '<DVTFilePath:0x7fe61db40f60:'/Users/kamontat/Library/Developer/Xcode/Archives/2018-07-17/Runner 17-7-18 18.30.xcarchive/Products/Applications/Runner.app/Frameworks/libswiftCore.dylib'>'> to: /var/folders/yk/26hd6t611yq4m8p1tv1pcfnh0000gn/T/XcodeDistPipeline.3v7/entitlementsBupAGu
2018-07-17 11:38:56 +0000  Running /usr/bin/codesign '-vvv' '--force' '--sign' '977DF1999A44953B6740F4433D0067934FCD4B2D' '--preserve-metadata=identifier,flags' '--entitlements' '/var/folders/yk/26hd6t611yq4m8p1tv1pcfnh0000gn/T/XcodeDistPipeline.3v7/entitlementsBupAGu' '/var/folders/yk/26hd6t611yq4m8p1tv1pcfnh0000gn/T/XcodeDistPipeline.3v7/Root/Payload/Runner.app/Frameworks/libswiftCore.dylib'
2018-07-17 11:38:56 +0000  /var/folders/yk/26hd6t611yq4m8p1tv1pcfnh0000gn/T/XcodeDistPipeline.3v7/Root/Payload/Runner.app/Frameworks/libswiftCore.dylib: replacing existing signature
2018-07-17 11:38:56 +0000  /var/folders/yk/26hd6t611yq4m8p1tv1pcfnh0000gn/T/XcodeDistPipeline.3v7/Root/Payload/Runner.app/Frameworks/libswiftCore.dylib: signed Mach-O universal (armv7 armv7s arm64) [com.apple.dt.runtime.swiftCore]
2018-07-17 11:38:56 +0000  
2018-07-17 11:38:56 +0000  
2018-07-17 11:38:56 +0000  /usr/bin/codesign exited with 02018-07-17 11:38:56 +0000  

2018-07-17 11:38:56 +0000  
2018-07-17 11:38:56 +0000  
2018-07-17 11:38:56 +0000  Entitlements for <IDEDistributionItem: 0x7fe61e48f380 'com.apple.dt.runtime.swiftCoreAudio' '<DVTFilePath:0x7fe61e3b7290:'/Users/kamontat/Library/Developer/Xcode/Archives/2018-07-17/Runner 17-7-18 18.30.xcarchive/Products/Applications/Runner.app/Frameworks/libswiftCoreAudio.dylib'>'>: {
}
2018-07-17 11:38:56 +0000  Writing entitlements for <IDEDistributionItem: 0x7fe61e48f380 'com.apple.dt.runtime.swiftCoreAudio' '<DVTFilePath:0x7fe61e3b7290:'/Users/kamontat/Library/Developer/Xcode/Archives/2018-07-17/Runner 17-7-18 18.30.xcarchive/Products/Applications/Runner.app/Frameworks/libswiftCoreAudio.dylib'>'> to: /var/folders/yk/26hd6t611yq4m8p1tv1pcfnh0000gn/T/XcodeDistPipeline.3v7/entitlements3O4nJh
2018-07-17 11:38:56 +0000  Running /usr/bin/codesign '-vvv' '--force' '--sign' '977DF1999A44953B6740F4433D0067934FCD4B2D' '--preserve-metadata=identifier,flags' '--entitlements' '/var/folders/yk/26hd6t611yq4m8p1tv1pcfnh0000gn/T/XcodeDistPipeline.3v7/entitlements3O4nJh' '/var/folders/yk/26hd6t611yq4m8p1tv1pcfnh0000gn/T/XcodeDistPipeline.3v7/Root/Payload/Runner.app/Frameworks/libswiftCoreAudio.dylib'
2018-07-17 11:38:56 +0000  /var/folders/yk/26hd6t611yq4m8p1tv1pcfnh0000gn/T/XcodeDistPipeline.3v7/Root/Payload/Runner.app/Frameworks/libswiftCoreAudio.dylib: replacing existing signature
2018-07-17 11:38:56 +0000  /var/folders/yk/26hd6t611yq4m8p1tv1pcfnh0000gn/T/XcodeDistPipeline.3v7/Root/Payload/Runner.app/Frameworks/libswiftCoreAudio.dylib: signed Mach-O universal (armv7 armv7s arm64) [com.apple.dt.runtime.swiftCoreAudio]
2018-07-17 11:38:56 +0000  2018-07-17 11:38:56 +0000  
2018-07-17 11:38:56 +0000  /usr/bin/codesign exited with 0

2018-07-17 11:38:56 +0000  
2018-07-17 11:38:56 +0000  
2018-07-17 11:38:56 +0000  Entitlements for <IDEDistributionItem: 0x7fe61e06f970 'com.apple.dt.runtime.swiftCoreFoundation' '<DVTFilePath:0x7fe61cce4580:'/Users/kamontat/Library/Developer/Xcode/Archives/2018-07-17/Runner 17-7-18 18.30.xcarchive/Products/Applications/Runner.app/Frameworks/libswiftCoreFoundation.dylib'>'>: {
}
2018-07-17 11:38:56 +0000  Writing entitlements for <IDEDistributionItem: 0x7fe61e06f970 'com.apple.dt.runtime.swiftCoreFoundation' '<DVTFilePath:0x7fe61cce4580:'/Users/kamontat/Library/Developer/Xcode/Archives/2018-07-17/Runner 17-7-18 18.30.xcarchive/Products/Applications/Runner.app/Frameworks/libswiftCoreFoundation.dylib'>'> to: /var/folders/yk/26hd6t611yq4m8p1tv1pcfnh0000gn/T/XcodeDistPipeline.3v7/entitlementsv3NZ0U
2018-07-17 11:38:56 +0000  Running /usr/bin/codesign '-vvv' '--force' '--sign' '977DF1999A44953B6740F4433D0067934FCD4B2D' '--preserve-metadata=identifier,flags' '--entitlements' '/var/folders/yk/26hd6t611yq4m8p1tv1pcfnh0000gn/T/XcodeDistPipeline.3v7/entitlementsv3NZ0U' '/var/folders/yk/26hd6t611yq4m8p1tv1pcfnh0000gn/T/XcodeDistPipeline.3v7/Root/Payload/Runner.app/Frameworks/libswiftCoreFoundation.dylib'
2018-07-17 11:38:56 +0000  /var/folders/yk/26hd6t611yq4m8p1tv1pcfnh0000gn/T/XcodeDistPipeline.3v7/Root/Payload/Runner.app/Frameworks/libswiftCoreFoundation.dylib: replacing existing signature
2018-07-17 11:38:56 +0000  /var/folders/yk/26hd6t611yq4m8p1tv1pcfnh0000gn/T/XcodeDistPipeline.3v7/Root/Payload/Runner.app/Frameworks/libswiftCoreFoundation.dylib: signed Mach-O universal (armv7 armv7s arm64) [com.apple.dt.runtime.swiftCoreFoundation]
2018-07-17 11:38:56 +0000  2018-07-17 11:38:56 +0000  
2018-07-17 11:38:56 +0000  /usr/bin/codesign exited with 0

2018-07-17 11:38:56 +0000  
2018-07-17 11:38:56 +0000  Entitlements for <IDEDistributionItem: 0x7fe61db8ade0 'com.apple.dt.runtime.swiftCoreGraphics' '<DVTFilePath:0x7fe630f122f0:'/Users/kamontat/Library/Developer/Xcode/Archives/2018-07-17/Runner 17-7-18 18.30.xcarchive/Products/Applications/Runner.app/Frameworks/libswiftCoreGraphics.dylib'>'>: {
}
2018-07-17 11:38:56 +0000  Writing entitlements for <IDEDistributionItem: 0x7fe61db8ade0 'com.apple.dt.runtime.swiftCoreGraphics' '<DVTFilePath:0x7fe630f122f0:'/Users/kamontat/Library/Developer/Xcode/Archives/2018-07-17/Runner 17-7-18 18.30.xcarchive/Products/Applications/Runner.app/Frameworks/libswiftCoreGraphics.dylib'>'> to: /var/folders/yk/26hd6t611yq4m8p1tv1pcfnh0000gn/T/XcodeDistPipeline.3v7/entitlements5mRxHH
2018-07-17 11:38:56 +0000  Running /usr/bin/codesign '-vvv' '--force' '--sign' '977DF1999A44953B6740F4433D0067934FCD4B2D' '--preserve-metadata=identifier,flags' '--entitlements' '/var/folders/yk/26hd6t611yq4m8p1tv1pcfnh0000gn/T/XcodeDistPipeline.3v7/entitlements5mRxHH' '/var/folders/yk/26hd6t611yq4m8p1tv1pcfnh0000gn/T/XcodeDistPipeline.3v7/Root/Payload/Runner.app/Frameworks/libswiftCoreGraphics.dylib'
2018-07-17 11:38:56 +0000  /var/folders/yk/26hd6t611yq4m8p1tv1pcfnh0000gn/T/XcodeDistPipeline.3v7/Root/Payload/Runner.app/Frameworks/libswiftCoreGraphics.dylib: replacing existing signature
2018-07-17 11:38:56 +0000  /var/folders/yk/26hd6t611yq4m8p1tv1pcfnh0000gn/T/XcodeDistPipeline.3v7/Root/Payload/Runner.app/Frameworks/libswiftCoreGraphics.dylib: signed Mach-O universal (armv7 armv7s arm64) [com.apple.dt.runtime.swiftCoreGraphics]
2018-07-17 11:38:56 +0000  2018-07-17 11:38:56 +0000  

2018-07-17 11:38:56 +0000  /usr/bin/codesign exited with 0
2018-07-17 11:38:56 +0000  
2018-07-17 11:38:56 +0000  Entitlements for <IDEDistributionItem: 0x7fe61e03b5b0 'com.apple.dt.runtime.swiftCoreImage' '<DVTFilePath:0x7fe61dfa9400:'/Users/kamontat/Library/Developer/Xcode/Archives/2018-07-17/Runner 17-7-18 18.30.xcarchive/Products/Applications/Runner.app/Frameworks/libswiftCoreImage.dylib'>'>: {
}
2018-07-17 11:38:56 +0000  Writing entitlements for <IDEDistributionItem: 0x7fe61e03b5b0 'com.apple.dt.runtime.swiftCoreImage' '<DVTFilePath:0x7fe61dfa9400:'/Users/kamontat/Library/Developer/Xcode/Archives/2018-07-17/Runner 17-7-18 18.30.xcarchive/Products/Applications/Runner.app/Frameworks/libswiftCoreImage.dylib'>'> to: /var/folders/yk/26hd6t611yq4m8p1tv1pcfnh0000gn/T/XcodeDistPipeline.3v7/entitlements8EbLms
2018-07-17 11:38:56 +0000  Running /usr/bin/codesign '-vvv' '--force' '--sign' '977DF1999A44953B6740F4433D0067934FCD4B2D' '--preserve-metadata=identifier,flags' '--entitlements' '/var/folders/yk/26hd6t611yq4m8p1tv1pcfnh0000gn/T/XcodeDistPipeline.3v7/entitlements8EbLms' '/var/folders/yk/26hd6t611yq4m8p1tv1pcfnh0000gn/T/XcodeDistPipeline.3v7/Root/Payload/Runner.app/Frameworks/libswiftCoreImage.dylib'
2018-07-17 11:38:56 +0000  /var/folders/yk/26hd6t611yq4m8p1tv1pcfnh0000gn/T/XcodeDistPipeline.3v7/Root/Payload/Runner.app/Frameworks/libswiftCoreImage.dylib: replacing existing signature
2018-07-17 11:38:56 +0000  /var/folders/yk/26hd6t611yq4m8p1tv1pcfnh0000gn/T/XcodeDistPipeline.3v7/Root/Payload/Runner.app/Frameworks/libswiftCoreImage.dylib: signed Mach-O universal (armv7 armv7s arm64) [com.apple.dt.runtime.swiftCoreImage]
2018-07-17 11:38:56 +0000  2018-07-17 11:38:56 +0000  

2018-07-17 11:38:56 +0000  /usr/bin/codesign exited with 02018-07-17 11:38:56 +0000  
2018-07-17 11:38:56 +0000  

2018-07-17 11:38:56 +0000  Entitlements for <IDEDistributionItem: 0x7fe61db89c00 'com.apple.dt.runtime.swiftCoreMedia' '<DVTFilePath:0x7fe61dd2ab70:'/Users/kamontat/Library/Developer/Xcode/Archives/2018-07-17/Runner 17-7-18 18.30.xcarchive/Products/Applications/Runner.app/Frameworks/libswiftCoreMedia.dylib'>'>: {
}
2018-07-17 11:38:56 +0000  Writing entitlements for <IDEDistributionItem: 0x7fe61db89c00 'com.apple.dt.runtime.swiftCoreMedia' '<DVTFilePath:0x7fe61dd2ab70:'/Users/kamontat/Library/Developer/Xcode/Archives/2018-07-17/Runner 17-7-18 18.30.xcarchive/Products/Applications/Runner.app/Frameworks/libswiftCoreMedia.dylib'>'> to: /var/folders/yk/26hd6t611yq4m8p1tv1pcfnh0000gn/T/XcodeDistPipeline.3v7/entitlementsit0W7g
2018-07-17 11:38:56 +0000  Running /usr/bin/codesign '-vvv' '--force' '--sign' '977DF1999A44953B6740F4433D0067934FCD4B2D' '--preserve-metadata=identifier,flags' '--entitlements' '/var/folders/yk/26hd6t611yq4m8p1tv1pcfnh0000gn/T/XcodeDistPipeline.3v7/entitlementsit0W7g' '/var/folders/yk/26hd6t611yq4m8p1tv1pcfnh0000gn/T/XcodeDistPipeline.3v7/Root/Payload/Runner.app/Frameworks/libswiftCoreMedia.dylib'
2018-07-17 11:38:57 +0000  /var/folders/yk/26hd6t611yq4m8p1tv1pcfnh0000gn/T/XcodeDistPipeline.3v7/Root/Payload/Runner.app/Frameworks/libswiftCoreMedia.dylib: replacing existing signature
2018-07-17 11:38:57 +0000  /var/folders/yk/26hd6t611yq4m8p1tv1pcfnh0000gn/T/XcodeDistPipeline.3v7/Root/Payload/Runner.app/Frameworks/libswiftCoreMedia.dylib: signed Mach-O universal (armv7 armv7s arm64) [com.apple.dt.runtime.swiftCoreMedia]
2018-07-17 11:38:57 +0000  
2018-07-17 11:38:57 +0000  2018-07-17 11:38:57 +0000  /usr/bin/codesign exited with 0

2018-07-17 11:38:57 +0000  
2018-07-17 11:38:57 +0000  
2018-07-17 11:38:57 +0000  Entitlements for <IDEDistributionItem: 0x7fe61e09d730 'com.apple.dt.runtime.swiftDarwin' '<DVTFilePath:0x7fe61a9447b0:'/Users/kamontat/Library/Developer/Xcode/Archives/2018-07-17/Runner 17-7-18 18.30.xcarchive/Products/Applications/Runner.app/Frameworks/libswiftDarwin.dylib'>'>: {
}
2018-07-17 11:38:57 +0000  Writing entitlements for <IDEDistributionItem: 0x7fe61e09d730 'com.apple.dt.runtime.swiftDarwin' '<DVTFilePath:0x7fe61a9447b0:'/Users/kamontat/Library/Developer/Xcode/Archives/2018-07-17/Runner 17-7-18 18.30.xcarchive/Products/Applications/Runner.app/Frameworks/libswiftDarwin.dylib'>'> to: /var/folders/yk/26hd6t611yq4m8p1tv1pcfnh0000gn/T/XcodeDistPipeline.3v7/entitlementsk7ThOB
2018-07-17 11:38:57 +0000  Running /usr/bin/codesign '-vvv' '--force' '--sign' '977DF1999A44953B6740F4433D0067934FCD4B2D' '--preserve-metadata=identifier,flags' '--entitlements' '/var/folders/yk/26hd6t611yq4m8p1tv1pcfnh0000gn/T/XcodeDistPipeline.3v7/entitlementsk7ThOB' '/var/folders/yk/26hd6t611yq4m8p1tv1pcfnh0000gn/T/XcodeDistPipeline.3v7/Root/Payload/Runner.app/Frameworks/libswiftDarwin.dylib'
2018-07-17 11:38:57 +0000  /var/folders/yk/26hd6t611yq4m8p1tv1pcfnh0000gn/T/XcodeDistPipeline.3v7/Root/Payload/Runner.app/Frameworks/libswiftDarwin.dylib: replacing existing signature
2018-07-17 11:38:57 +0000  /var/folders/yk/26hd6t611yq4m8p1tv1pcfnh0000gn/T/XcodeDistPipeline.3v7/Root/Payload/Runner.app/Frameworks/libswiftDarwin.dylib: signed Mach-O universal (armv7 armv7s arm64) [com.apple.dt.runtime.swiftDarwin]
2018-07-17 11:38:57 +0000  2018-07-17 11:38:57 +0000  

2018-07-17 11:38:57 +0000  /usr/bin/codesign exited with 02018-07-17 11:38:57 +0000  

2018-07-17 11:38:57 +0000  
2018-07-17 11:38:57 +0000  
2018-07-17 11:38:57 +0000  Entitlements for <IDEDistributionItem: 0x7fe61db819f0 'com.apple.dt.runtime.swiftDispatch' '<DVTFilePath:0x7fe61db6f390:'/Users/kamontat/Library/Developer/Xcode/Archives/2018-07-17/Runner 17-7-18 18.30.xcarchive/Products/Applications/Runner.app/Frameworks/libswiftDispatch.dylib'>'>: {
}
2018-07-17 11:38:57 +0000  Writing entitlements for <IDEDistributionItem: 0x7fe61db819f0 'com.apple.dt.runtime.swiftDispatch' '<DVTFilePath:0x7fe61db6f390:'/Users/kamontat/Library/Developer/Xcode/Archives/2018-07-17/Runner 17-7-18 18.30.xcarchive/Products/Applications/Runner.app/Frameworks/libswiftDispatch.dylib'>'> to: /var/folders/yk/26hd6t611yq4m8p1tv1pcfnh0000gn/T/XcodeDistPipeline.3v7/entitlementsA1BePj
2018-07-17 11:38:57 +0000  Running /usr/bin/codesign '-vvv' '--force' '--sign' '977DF1999A44953B6740F4433D0067934FCD4B2D' '--preserve-metadata=identifier,flags' '--entitlements' '/var/folders/yk/26hd6t611yq4m8p1tv1pcfnh0000gn/T/XcodeDistPipeline.3v7/entitlementsA1BePj' '/var/folders/yk/26hd6t611yq4m8p1tv1pcfnh0000gn/T/XcodeDistPipeline.3v7/Root/Payload/Runner.app/Frameworks/libswiftDispatch.dylib'
2018-07-17 11:38:57 +0000  /var/folders/yk/26hd6t611yq4m8p1tv1pcfnh0000gn/T/XcodeDistPipeline.3v7/Root/Payload/Runner.app/Frameworks/libswiftDispatch.dylib: replacing existing signature
2018-07-17 11:38:57 +0000  /var/folders/yk/26hd6t611yq4m8p1tv1pcfnh0000gn/T/XcodeDistPipeline.3v7/Root/Payload/Runner.app/Frameworks/libswiftDispatch.dylib: signed Mach-O universal (armv7 armv7s arm64) [com.apple.dt.runtime.swiftDispatch]
2018-07-17 11:38:57 +0000  2018-07-17 11:38:57 +0000  

2018-07-17 11:38:57 +0000  /usr/bin/codesign exited with 0
2018-07-17 11:38:57 +0000  
2018-07-17 11:38:57 +0000  Entitlements for <IDEDistributionItem: 0x7fe61e4ad4c0 'com.apple.dt.runtime.swiftFoundation' '<DVTFilePath:0x7fe61ddf2d20:'/Users/kamontat/Library/Developer/Xcode/Archives/2018-07-17/Runner 17-7-18 18.30.xcarchive/Products/Applications/Runner.app/Frameworks/libswiftFoundation.dylib'>'>: {
}
2018-07-17 11:38:57 +0000  Writing entitlements for <IDEDistributionItem: 0x7fe61e4ad4c0 'com.apple.dt.runtime.swiftFoundation' '<DVTFilePath:0x7fe61ddf2d20:'/Users/kamontat/Library/Developer/Xcode/Archives/2018-07-17/Runner 17-7-18 18.30.xcarchive/Products/Applications/Runner.app/Frameworks/libswiftFoundation.dylib'>'> to: /var/folders/yk/26hd6t611yq4m8p1tv1pcfnh0000gn/T/XcodeDistPipeline.3v7/entitlementsIwCsky
2018-07-17 11:38:57 +0000  Running /usr/bin/codesign '-vvv' '--force' '--sign' '977DF1999A44953B6740F4433D0067934FCD4B2D' '--preserve-metadata=identifier,flags' '--entitlements' '/var/folders/yk/26hd6t611yq4m8p1tv1pcfnh0000gn/T/XcodeDistPipeline.3v7/entitlementsIwCsky' '/var/folders/yk/26hd6t611yq4m8p1tv1pcfnh0000gn/T/XcodeDistPipeline.3v7/Root/Payload/Runner.app/Frameworks/libswiftFoundation.dylib'
2018-07-17 11:38:57 +0000  /var/folders/yk/26hd6t611yq4m8p1tv1pcfnh0000gn/T/XcodeDistPipeline.3v7/Root/Payload/Runner.app/Frameworks/libswiftFoundation.dylib: replacing existing signature
2018-07-17 11:38:57 +0000  /var/folders/yk/26hd6t611yq4m8p1tv1pcfnh0000gn/T/XcodeDistPipeline.3v7/Root/Payload/Runner.app/Frameworks/libswiftFoundation.dylib: signed Mach-O universal (armv7 armv7s arm64) [com.apple.dt.runtime.swiftFoundation]
2018-07-17 11:38:57 +0000  2018-07-17 11:38:57 +0000  

2018-07-17 11:38:57 +0000  /usr/bin/codesign exited with 0
2018-07-17 11:38:57 +0000  
2018-07-17 11:38:57 +0000  
2018-07-17 11:38:57 +0000  Entitlements for <IDEDistributionItem: 0x7fe61dbd9ad0 'com.apple.dt.runtime.swiftMetal' '<DVTFilePath:0x7fe631dc35f0:'/Users/kamontat/Library/Developer/Xcode/Archives/2018-07-17/Runner 17-7-18 18.30.xcarchive/Products/Applications/Runner.app/Frameworks/libswiftMetal.dylib'>'>: {
}
2018-07-17 11:38:57 +0000  Writing entitlements for <IDEDistributionItem: 0x7fe61dbd9ad0 'com.apple.dt.runtime.swiftMetal' '<DVTFilePath:0x7fe631dc35f0:'/Users/kamontat/Library/Developer/Xcode/Archives/2018-07-17/Runner 17-7-18 18.30.xcarchive/Products/Applications/Runner.app/Frameworks/libswiftMetal.dylib'>'> to: /var/folders/yk/26hd6t611yq4m8p1tv1pcfnh0000gn/T/XcodeDistPipeline.3v7/entitlementsyRXnei
2018-07-17 11:38:57 +0000  Running /usr/bin/codesign '-vvv' '--force' '--sign' '977DF1999A44953B6740F4433D0067934FCD4B2D' '--preserve-metadata=identifier,flags' '--entitlements' '/var/folders/yk/26hd6t611yq4m8p1tv1pcfnh0000gn/T/XcodeDistPipeline.3v7/entitlementsyRXnei' '/var/folders/yk/26hd6t611yq4m8p1tv1pcfnh0000gn/T/XcodeDistPipeline.3v7/Root/Payload/Runner.app/Frameworks/libswiftMetal.dylib'
2018-07-17 11:38:57 +0000  /var/folders/yk/26hd6t611yq4m8p1tv1pcfnh0000gn/T/XcodeDistPipeline.3v7/Root/Payload/Runner.app/Frameworks/libswiftMetal.dylib: replacing existing signature
2018-07-17 11:38:57 +0000  /var/folders/yk/26hd6t611yq4m8p1tv1pcfnh0000gn/T/XcodeDistPipeline.3v7/Root/Payload/Runner.app/Frameworks/libswiftMetal.dylib: signed Mach-O universal (armv7 armv7s arm64) [com.apple.dt.runtime.swiftMetal]
2018-07-17 11:38:57 +0000  2018-07-17 11:38:57 +0000  
2018-07-17 11:38:57 +0000  /usr/bin/codesign exited with 0

2018-07-17 11:38:57 +0000  
2018-07-17 11:38:57 +0000  Entitlements for <IDEDistributionItem: 0x7fe61c9dd860 'com.apple.dt.runtime.swiftObjectiveC' '<DVTFilePath:0x7fe631eda5c0:'/Users/kamontat/Library/Developer/Xcode/Archives/2018-07-17/Runner 17-7-18 18.30.xcarchive/Products/Applications/Runner.app/Frameworks/libswiftObjectiveC.dylib'>'>: {
}
2018-07-17 11:38:57 +0000  Writing entitlements for <IDEDistributionItem: 0x7fe61c9dd860 'com.apple.dt.runtime.swiftObjectiveC' '<DVTFilePath:0x7fe631eda5c0:'/Users/kamontat/Library/Developer/Xcode/Archives/2018-07-17/Runner 17-7-18 18.30.xcarchive/Products/Applications/Runner.app/Frameworks/libswiftObjectiveC.dylib'>'> to: /var/folders/yk/26hd6t611yq4m8p1tv1pcfnh0000gn/T/XcodeDistPipeline.3v7/entitlementsqOGYm8
2018-07-17 11:38:57 +0000  Running /usr/bin/codesign '-vvv' '--force' '--sign' '977DF1999A44953B6740F4433D0067934FCD4B2D' '--preserve-metadata=identifier,flags' '--entitlements' '/var/folders/yk/26hd6t611yq4m8p1tv1pcfnh0000gn/T/XcodeDistPipeline.3v7/entitlementsqOGYm8' '/var/folders/yk/26hd6t611yq4m8p1tv1pcfnh0000gn/T/XcodeDistPipeline.3v7/Root/Payload/Runner.app/Frameworks/libswiftObjectiveC.dylib'
2018-07-17 11:38:57 +0000  /var/folders/yk/26hd6t611yq4m8p1tv1pcfnh0000gn/T/XcodeDistPipeline.3v7/Root/Payload/Runner.app/Frameworks/libswiftObjectiveC.dylib: replacing existing signature
2018-07-17 11:38:57 +0000  /var/folders/yk/26hd6t611yq4m8p1tv1pcfnh0000gn/T/XcodeDistPipeline.3v7/Root/Payload/Runner.app/Frameworks/libswiftObjectiveC.dylib: signed Mach-O universal (armv7 armv7s arm64) [com.apple.dt.runtime.swiftObjectiveC]
2018-07-17 11:38:57 +0000  2018-07-17 11:38:57 +0000  2018-07-17 11:38:57 +0000  /usr/bin/codesign exited with 0


2018-07-17 11:38:57 +0000  
2018-07-17 11:38:57 +0000  Entitlements for <IDEDistributionItem: 0x7fe61e72cb10 'com.apple.dt.runtime.swiftQuartzCore' '<DVTFilePath:0x7fe61e5550c0:'/Users/kamontat/Library/Developer/Xcode/Archives/2018-07-17/Runner 17-7-18 18.30.xcarchive/Products/Applications/Runner.app/Frameworks/libswiftQuartzCore.dylib'>'>: {
}
2018-07-17 11:38:57 +0000  Writing entitlements for <IDEDistributionItem: 0x7fe61e72cb10 'com.apple.dt.runtime.swiftQuartzCore' '<DVTFilePath:0x7fe61e5550c0:'/Users/kamontat/Library/Developer/Xcode/Archives/2018-07-17/Runner 17-7-18 18.30.xcarchive/Products/Applications/Runner.app/Frameworks/libswiftQuartzCore.dylib'>'> to: /var/folders/yk/26hd6t611yq4m8p1tv1pcfnh0000gn/T/XcodeDistPipeline.3v7/entitlementsQcNWnv
2018-07-17 11:38:57 +0000  Running /usr/bin/codesign '-vvv' '--force' '--sign' '977DF1999A44953B6740F4433D0067934FCD4B2D' '--preserve-metadata=identifier,flags' '--entitlements' '/var/folders/yk/26hd6t611yq4m8p1tv1pcfnh0000gn/T/XcodeDistPipeline.3v7/entitlementsQcNWnv' '/var/folders/yk/26hd6t611yq4m8p1tv1pcfnh0000gn/T/XcodeDistPipeline.3v7/Root/Payload/Runner.app/Frameworks/libswiftQuartzCore.dylib'
2018-07-17 11:38:57 +0000  /var/folders/yk/26hd6t611yq4m8p1tv1pcfnh0000gn/T/XcodeDistPipeline.3v7/Root/Payload/Runner.app/Frameworks/libswiftQuartzCore.dylib: replacing existing signature
2018-07-17 11:38:58 +0000  /var/folders/yk/26hd6t611yq4m8p1tv1pcfnh0000gn/T/XcodeDistPipeline.3v7/Root/Payload/Runner.app/Frameworks/libswiftQuartzCore.dylib: signed Mach-O universal (armv7 armv7s arm64) [com.apple.dt.runtime.swiftQuartzCore]
2018-07-17 11:38:58 +0000  2018-07-17 11:38:58 +0000  

2018-07-17 11:38:58 +0000  /usr/bin/codesign exited with 0
2018-07-17 11:38:58 +0000  
2018-07-17 11:38:58 +0000  Entitlements for <IDEDistributionItem: 0x7fe61e4f9610 'com.apple.dt.runtime.swiftUIKit' '<DVTFilePath:0x7fe61dbd2360:'/Users/kamontat/Library/Developer/Xcode/Archives/2018-07-17/Runner 17-7-18 18.30.xcarchive/Products/Applications/Runner.app/Frameworks/libswiftUIKit.dylib'>'>: {
}
2018-07-17 11:38:58 +0000  Writing entitlements for <IDEDistributionItem: 0x7fe61e4f9610 'com.apple.dt.runtime.swiftUIKit' '<DVTFilePath:0x7fe61dbd2360:'/Users/kamontat/Library/Developer/Xcode/Archives/2018-07-17/Runner 17-7-18 18.30.xcarchive/Products/Applications/Runner.app/Frameworks/libswiftUIKit.dylib'>'> to: /var/folders/yk/26hd6t611yq4m8p1tv1pcfnh0000gn/T/XcodeDistPipeline.3v7/entitlements7Z17YF
2018-07-17 11:38:58 +0000  Running /usr/bin/codesign '-vvv' '--force' '--sign' '977DF1999A44953B6740F4433D0067934FCD4B2D' '--preserve-metadata=identifier,flags' '--entitlements' '/var/folders/yk/26hd6t611yq4m8p1tv1pcfnh0000gn/T/XcodeDistPipeline.3v7/entitlements7Z17YF' '/var/folders/yk/26hd6t611yq4m8p1tv1pcfnh0000gn/T/XcodeDistPipeline.3v7/Root/Payload/Runner.app/Frameworks/libswiftUIKit.dylib'
2018-07-17 11:38:58 +0000  /var/folders/yk/26hd6t611yq4m8p1tv1pcfnh0000gn/T/XcodeDistPipeline.3v7/Root/Payload/Runner.app/Frameworks/libswiftUIKit.dylib: replacing existing signature
2018-07-17 11:38:58 +0000  /var/folders/yk/26hd6t611yq4m8p1tv1pcfnh0000gn/T/XcodeDistPipeline.3v7/Root/Payload/Runner.app/Frameworks/libswiftUIKit.dylib: signed Mach-O universal (armv7 armv7s arm64) [com.apple.dt.runtime.swiftUIKit]
2018-07-17 11:38:58 +0000  2018-07-17 11:38:58 +0000  

2018-07-17 11:38:58 +0000  /usr/bin/codesign exited with 0
2018-07-17 11:38:58 +0000  2018-07-17 11:38:58 +0000  

2018-07-17 11:38:58 +0000  Entitlements for <IDEDistributionItem: 0x7fe61e0c9db0 'com.apple.dt.runtime.swiftos' '<DVTFilePath:0x7fe61db4cfa0:'/Users/kamontat/Library/Developer/Xcode/Archives/2018-07-17/Runner 17-7-18 18.30.xcarchive/Products/Applications/Runner.app/Frameworks/libswiftos.dylib'>'>: {
}
2018-07-17 11:38:58 +0000  Writing entitlements for <IDEDistributionItem: 0x7fe61e0c9db0 'com.apple.dt.runtime.swiftos' '<DVTFilePath:0x7fe61db4cfa0:'/Users/kamontat/Library/Developer/Xcode/Archives/2018-07-17/Runner 17-7-18 18.30.xcarchive/Products/Applications/Runner.app/Frameworks/libswiftos.dylib'>'> to: /var/folders/yk/26hd6t611yq4m8p1tv1pcfnh0000gn/T/XcodeDistPipeline.3v7/entitlementsIGitb3
2018-07-17 11:38:58 +0000  Running /usr/bin/codesign '-vvv' '--force' '--sign' '977DF1999A44953B6740F4433D0067934FCD4B2D' '--preserve-metadata=identifier,flags' '--entitlements' '/var/folders/yk/26hd6t611yq4m8p1tv1pcfnh0000gn/T/XcodeDistPipeline.3v7/entitlementsIGitb3' '/var/folders/yk/26hd6t611yq4m8p1tv1pcfnh0000gn/T/XcodeDistPipeline.3v7/Root/Payload/Runner.app/Frameworks/libswiftos.dylib'
2018-07-17 11:38:58 +0000  /var/folders/yk/26hd6t611yq4m8p1tv1pcfnh0000gn/T/XcodeDistPipeline.3v7/Root/Payload/Runner.app/Frameworks/libswiftos.dylib: replacing existing signature
2018-07-17 11:38:58 +0000  /var/folders/yk/26hd6t611yq4m8p1tv1pcfnh0000gn/T/XcodeDistPipeline.3v7/Root/Payload/Runner.app/Frameworks/libswiftos.dylib: signed Mach-O universal (armv7 armv7s arm64) [com.apple.dt.runtime.swiftos]
2018-07-17 11:38:58 +0000  2018-07-17 11:38:58 +0000  

2018-07-17 11:38:58 +0000  /usr/bin/codesign exited with 0
2018-07-17 11:38:58 +0000  2018-07-17 11:38:58 +0000  

2018-07-17 11:38:58 +0000  Entitlements for <IDEDistributionItem: 0x7fe61dd55c70 'com.kamontat.kcapstone' '<DVTFilePath:0x7fe630a89100:'/Users/kamontat/Library/Developer/Xcode/Archives/2018-07-17/Runner 17-7-18 18.30.xcarchive/Products/Applications/Runner.app'>'>: {
    "application-identifier" = "RT44NCJNJ3.com.kamontat.kcapstone";
    "com.apple.developer.team-identifier" = RT44NCJNJ3;
    "get-task-allow" = 1;
    "keychain-access-groups" =     (
        "RT44NCJNJ3.com.kamontat.kcapstone"
    );
}
2018-07-17 11:38:58 +0000  Writing entitlements for <IDEDistributionItem: 0x7fe61dd55c70 'com.kamontat.kcapstone' '<DVTFilePath:0x7fe630a89100:'/Users/kamontat/Library/Developer/Xcode/Archives/2018-07-17/Runner 17-7-18 18.30.xcarchive/Products/Applications/Runner.app'>'> to: /var/folders/yk/26hd6t611yq4m8p1tv1pcfnh0000gn/T/XcodeDistPipeline.3v7/entitlementsvDAbUn
2018-07-17 11:38:58 +0000  Running /usr/bin/codesign '-vvv' '--force' '--sign' '977DF1999A44953B6740F4433D0067934FCD4B2D' '--preserve-metadata=identifier,flags' '--entitlements' '/var/folders/yk/26hd6t611yq4m8p1tv1pcfnh0000gn/T/XcodeDistPipeline.3v7/entitlementsvDAbUn' '/var/folders/yk/26hd6t611yq4m8p1tv1pcfnh0000gn/T/XcodeDistPipeline.3v7/Root/Payload/Runner.app'
2018-07-17 11:38:58 +0000  /var/folders/yk/26hd6t611yq4m8p1tv1pcfnh0000gn/T/XcodeDistPipeline.3v7/Root/Payload/Runner.app: replacing existing signature
2018-07-17 11:38:58 +0000  /var/folders/yk/26hd6t611yq4m8p1tv1pcfnh0000gn/T/XcodeDistPipeline.3v7/Root/Payload/Runner.app: signed app bundle with Mach-O universal (armv7 arm64) [com.kamontat.kcapstone]
2018-07-17 11:38:58 +0000  2018-07-17 11:38:58 +0000  

2018-07-17 11:38:58 +0000  /usr/bin/codesign exited with 0
2018-07-17 11:38:58 +0000  
2018-07-17 11:38:58 +0000  Processing step: IDEDistributionStreamingZipItemStep
2018-07-17 11:38:58 +0000  Skipping step: IDEDistributionStreamingZipItemStep because it said so
2018-07-17 11:38:58 +0000  Skipping step: IDEDistributionStreamingZipItemStep because it said so
2018-07-17 11:38:58 +0000  Skipping step: IDEDistributionStreamingZipItemStep because it said so
2018-07-17 11:38:58 +0000  Skipping step: IDEDistributionStreamingZipItemStep because it said so
2018-07-17 11:38:58 +0000  Skipping step: IDEDistributionStreamingZipItemStep because it said so
2018-07-17 11:38:58 +0000  Skipping step: IDEDistributionStreamingZipItemStep because it said so
2018-07-17 11:38:58 +0000  Skipping step: IDEDistributionStreamingZipItemStep because it said so
2018-07-17 11:38:58 +0000  Skipping step: IDEDistributionStreamingZipItemStep because it said so
2018-07-17 11:38:58 +0000  Skipping step: IDEDistributionStreamingZipItemStep because it said so
2018-07-17 11:38:58 +0000  Skipping step: IDEDistributionStreamingZipItemStep because it said so
2018-07-17 11:38:58 +0000  Skipping step: IDEDistributionStreamingZipItemStep because it said so
2018-07-17 11:38:58 +0000  Skipping step: IDEDistributionStreamingZipItemStep because it said so
2018-07-17 11:38:58 +0000  Skipping step: IDEDistributionStreamingZipItemStep because it said so
2018-07-17 11:38:58 +0000  Skipping step: IDEDistributionStreamingZipItemStep because it said so
2018-07-17 11:38:58 +0000  Skipping step: IDEDistributionStreamingZipItemStep because it said so
2018-07-17 11:38:58 +0000  Skipping step: IDEDistributionStreamingZipItemStep because it said so
2018-07-17 11:38:58 +0000  Skipping step: IDEDistributionStreamingZipItemStep because it said so
2018-07-17 11:38:58 +0000  Processing step: IDEDistributionCreateIPAStep
2018-07-17 11:38:58 +0000  Running /usr/bin/ditto '-V' '-c' '-k' '--norsrc' '/var/folders/yk/26hd6t611yq4m8p1tv1pcfnh0000gn/T/XcodeDistPipeline.3v7/Root' '/var/folders/yk/26hd6t611yq4m8p1tv1pcfnh0000gn/T/XcodeDistPipeline.3v7/Packages/Runner.ipa'
2018-07-17 11:38:58 +0000  >>> Copying /var/folders/yk/26hd6t611yq4m8p1tv1pcfnh0000gn/T/XcodeDistPipeline.3v7/Root 
2018-07-17 11:38:58 +0000  copying file ./Payload/Runner.app/_CodeSignature/CodeResources ... 
2018-07-17 11:38:58 +0000  20387 bytes for ./Payload/Runner.app/_CodeSignature/CodeResources
2018-07-17 11:38:58 +0000  copying file ./Payload/Runner.app/AppIcon20x20@2x.png ... 
2018-07-17 11:38:58 +0000  1304 bytes for ./Payload/Runner.app/AppIcon20x20@2x.png
copying file ./Payload/Runner.app/AppIcon20x20@3x.png ... 
2018-07-17 11:38:58 +0000  1883 bytes for ./Payload/Runner.app/AppIcon20x20@3x.png
copying file ./Payload/Runner.app/AppIcon29x29.png ... 
2018-07-17 11:38:58 +0000  1010 bytes for ./Payload/Runner.app/AppIcon29x29.png
copying file ./Payload/Runner.app/AppIcon60x60@2x.png ... 
2018-07-17 11:38:58 +0000  3364 bytes for ./Payload/Runner.app/AppIcon60x60@2x.png
2018-07-17 11:38:58 +0000  copying file ./Payload/Runner.app/Runner ... 
2018-07-17 11:38:58 +0000  176208 bytes for ./Payload/Runner.app/Runner
copying file ./Payload/Runner.app/AppIcon29x29@2x.png ... 
2018-07-17 11:38:58 +0000  1767 bytes for ./Payload/Runner.app/AppIcon29x29@2x.png
copying file ./Payload/Runner.app/AppIcon40x40@3x.png ... 
2018-07-17 11:38:58 +0000  3364 bytes for ./Payload/Runner.app/AppIcon40x40@3x.png
copying file ./Payload/Runner.app/AppIcon29x29~ipad.png ... 
2018-07-17 11:38:58 +0000  1010 bytes for ./Payload/Runner.app/AppIcon29x29~ipad.png
copying file ./Payload/Runner.app/AppIcon40x40@2x.png ... 
2018-07-17 11:38:58 +0000  2389 bytes for ./Payload/Runner.app/AppIcon40x40@2x.png
copying file ./Payload/Runner.app/AppIcon29x29@3x.png ... 
2018-07-17 11:38:58 +0000  2427 bytes for ./Payload/Runner.app/AppIcon29x29@3x.png
copying file ./Payload/Runner.app/AppIcon60x60@3x.png ... 
2018-07-17 11:38:58 +0000  4812 bytes for ./Payload/Runner.app/AppIcon60x60@3x.png
2018-07-17 11:38:58 +0000  copying file ./Payload/Runner.app/Base.lproj/Main.storyboardc/UIViewController-BYZ-38-t0r.nib ... 
2018-07-17 11:38:58 +0000  923 bytes for ./Payload/Runner.app/Base.lproj/Main.storyboardc/UIViewController-BYZ-38-t0r.nib
2018-07-17 11:38:58 +0000  copying file ./Payload/Runner.app/Base.lproj/Main.storyboardc/BYZ-38-t0r-view-8bC-Xf-vdC.nib ... 
2018-07-17 11:38:58 +0000  1792 bytes for ./Payload/Runner.app/Base.lproj/Main.storyboardc/BYZ-38-t0r-view-8bC-Xf-vdC.nib
copying file ./Payload/Runner.app/Base.lproj/Main.storyboardc/Info.plist ... 
2018-07-17 11:38:58 +0000  258 bytes for ./Payload/Runner.app/Base.lproj/Main.storyboardc/Info.plist
2018-07-17 11:38:58 +0000  copying file ./Payload/Runner.app/Base.lproj/LaunchScreen.storyboardc/01J-lp-oVM-view-Ze5-6b-2t3.nib ... 
2018-07-17 11:38:58 +0000  2155 bytes for ./Payload/Runner.app/Base.lproj/LaunchScreen.storyboardc/01J-lp-oVM-view-Ze5-6b-2t3.nib
2018-07-17 11:38:58 +0000  copying file ./Payload/Runner.app/Base.lproj/LaunchScreen.storyboardc/UIViewController-01J-lp-oVM.nib ... 
2018-07-17 11:38:58 +0000  832 bytes for ./Payload/Runner.app/Base.lproj/LaunchScreen.storyboardc/UIViewController-01J-lp-oVM.nib
copying file ./Payload/Runner.app/Base.lproj/LaunchScreen.storyboardc/Info.plist ... 
258 bytes for ./Payload/Runner.app/Base.lproj/LaunchScreen.storyboardc/Info.plist
2018-07-17 11:38:58 +0000  copying file ./Payload/Runner.app/flutter_assets/LICENSE ... 
2018-07-17 11:38:58 +0000  599595 bytes for ./Payload/Runner.app/flutter_assets/LICENSE
2018-07-17 11:38:58 +0000  copying file ./Payload/Runner.app/flutter_assets/resources/restaurant.json ... 
2018-07-17 11:38:58 +0000  6291 bytes for ./Payload/Runner.app/flutter_assets/resources/restaurant.json
copying file ./Payload/Runner.app/flutter_assets/resources/creditcard.json ... 
2018-07-17 11:38:58 +0000  561 bytes for ./Payload/Runner.app/flutter_assets/resources/creditcard.json
copying file ./Payload/Runner.app/flutter_assets/resources/order.json ... 
2018-07-17 11:38:58 +0000  912 bytes for ./Payload/Runner.app/flutter_assets/resources/order.json
copying file ./Payload/Runner.app/flutter_assets/AssetManifest.json ... 
2018-07-17 11:38:58 +0000  273 bytes for ./Payload/Runner.app/flutter_assets/AssetManifest.json
copying file ./Payload/Runner.app/flutter_assets/FontManifest.json ... 
208 bytes for ./Payload/Runner.app/flutter_assets/FontManifest.json
2018-07-17 11:38:58 +0000  copying file ./Payload/Runner.app/flutter_assets/packages/cupertino_icons/assets/CupertinoIcons.ttf ... 
2018-07-17 11:38:58 +0000  97680 bytes for ./Payload/Runner.app/flutter_assets/packages/cupertino_icons/assets/CupertinoIcons.ttf
2018-07-17 11:38:58 +0000  copying file ./Payload/Runner.app/flutter_assets/fonts/MaterialIcons-Regular.ttf ... 
2018-07-17 11:38:58 +0000  134640 bytes for ./Payload/Runner.app/flutter_assets/fonts/MaterialIcons-Regular.ttf
2018-07-17 11:38:58 +0000  copying file ./Payload/Runner.app/Assets.car ... 
2018-07-17 11:38:58 +0000  111560 bytes for ./Payload/Runner.app/Assets.car
copying file ./Payload/Runner.app/AppFrameworkInfo.plist ... 
2018-07-17 11:38:58 +0000  376 bytes for ./Payload/Runner.app/AppFrameworkInfo.plist
copying file ./Payload/Runner.app/AppIcon40x40@2x~ipad.png ... 
2018-07-17 11:38:58 +0000  2389 bytes for ./Payload/Runner.app/AppIcon40x40@2x~ipad.png
copying file ./Payload/Runner.app/AppIcon76x76@2x~ipad.png ... 
2018-07-17 11:38:58 +0000  4121 bytes for ./Payload/Runner.app/AppIcon76x76@2x~ipad.png
copying file ./Payload/Runner.app/AppIcon83.5x83.5@2x~ipad.png ... 
2018-07-17 11:38:58 +0000  4539 bytes for ./Payload/Runner.app/AppIcon83.5x83.5@2x~ipad.png
copying file ./Payload/Runner.app/AppIcon29x29@2x~ipad.png ... 
2018-07-17 11:38:58 +0000  1767 bytes for ./Payload/Runner.app/AppIcon29x29@2x~ipad.png
2018-07-17 11:38:58 +0000  copying file ./Payload/Runner.app/AppIcon40x40~ipad.png ... 
2018-07-17 11:38:58 +0000  1304 bytes for ./Payload/Runner.app/AppIcon40x40~ipad.png
copying file ./Payload/Runner.app/Frameworks/libswiftCoreImage.dylib ... 
2018-07-17 11:38:58 +0000  251056 bytes for ./Payload/Runner.app/Frameworks/libswiftCoreImage.dylib
copying file ./Payload/Runner.app/Frameworks/libswiftObjectiveC.dylib ... 
2018-07-17 11:38:58 +0000  300080 bytes for ./Payload/Runner.app/Frameworks/libswiftObjectiveC.dylib
copying file ./Payload/Runner.app/Frameworks/libswiftCore.dylib ... 
2018-07-17 11:38:59 +0000  18072880 bytes for ./Payload/Runner.app/Frameworks/libswiftCore.dylib
copying file ./Payload/Runner.app/Frameworks/libswiftCoreGraphics.dylib ... 
2018-07-17 11:38:59 +0000  650736 bytes for ./Payload/Runner.app/Frameworks/libswiftCoreGraphics.dylib
copying file ./Payload/Runner.app/Frameworks/libswiftUIKit.dylib ... 
2018-07-17 11:38:59 +0000  460080 bytes for ./Payload/Runner.app/Frameworks/libswiftUIKit.dylib
copying file ./Payload/Runner.app/Frameworks/libswiftMetal.dylib ... 
2018-07-17 11:38:59 +0000  260832 bytes for ./Payload/Runner.app/Frameworks/libswiftMetal.dylib
2018-07-17 11:38:59 +0000  copying file ./Payload/Runner.app/Frameworks/libswiftDispatch.dylib ... 
2018-07-17 11:38:59 +0000  987488 bytes for ./Payload/Runner.app/Frameworks/libswiftDispatch.dylib
copying file ./Payload/Runner.app/Frameworks/libswiftos.dylib ... 
2018-07-17 11:38:59 +0000  259728 bytes for ./Payload/Runner.app/Frameworks/libswiftos.dylib
copying file ./Payload/Runner.app/Frameworks/libswiftCoreFoundation.dylib ... 
2018-07-17 11:38:59 +0000  250528 bytes for ./Payload/Runner.app/Frameworks/libswiftCoreFoundation.dylib
2018-07-17 11:38:59 +0000  copying file ./Payload/Runner.app/Frameworks/Flutter.framework/_CodeSignature/CodeResources ... 
2018-07-17 11:38:59 +0000  2488 bytes for ./Payload/Runner.app/Frameworks/Flutter.framework/_CodeSignature/CodeResources
copying file ./Payload/Runner.app/Frameworks/Flutter.framework/icudtl.dat ... 
2018-07-17 11:38:59 +0000  6623360 bytes for ./Payload/Runner.app/Frameworks/Flutter.framework/icudtl.dat
copying file ./Payload/Runner.app/Frameworks/Flutter.framework/Flutter ... 
2018-07-17 11:39:00 +0000  21798368 bytes for ./Payload/Runner.app/Frameworks/Flutter.framework/Flutter
copying file ./Payload/Runner.app/Frameworks/Flutter.framework/Info.plist ... 
2018-07-17 11:39:00 +0000  867 bytes for ./Payload/Runner.app/Frameworks/Flutter.framework/Info.plist
2018-07-17 11:39:00 +0000  copying file ./Payload/Runner.app/Frameworks/App.framework/_CodeSignature/CodeResources ... 
2202 bytes for ./Payload/Runner.app/Frameworks/App.framework/_CodeSignature/CodeResources
2018-07-17 11:39:00 +0000  copying file ./Payload/Runner.app/Frameworks/App.framework/App ... 
2018-07-17 11:39:01 +0000  22496208 bytes for ./Payload/Runner.app/Frameworks/App.framework/App
copying file ./Payload/Runner.app/Frameworks/App.framework/Info.plist ... 
2018-07-17 11:39:01 +0000  773 bytes for ./Payload/Runner.app/Frameworks/App.framework/Info.plist
copying file ./Payload/Runner.app/Frameworks/libswiftDarwin.dylib ... 
2018-07-17 11:39:01 +0000  403872 bytes for ./Payload/Runner.app/Frameworks/libswiftDarwin.dylib
copying file ./Payload/Runner.app/Frameworks/libswiftQuartzCore.dylib ... 
2018-07-17 11:39:01 +0000  254048 bytes for ./Payload/Runner.app/Frameworks/libswiftQuartzCore.dylib
copying file ./Payload/Runner.app/Frameworks/libswiftCoreAudio.dylib ... 
2018-07-17 11:39:01 +0000  340384 bytes for ./Payload/Runner.app/Frameworks/libswiftCoreAudio.dylib
copying file ./Payload/Runner.app/Frameworks/libswiftFoundation.dylib ... 
2018-07-17 11:39:02 +0000  8570912 bytes for ./Payload/Runner.app/Frameworks/libswiftFoundation.dylib
copying file ./Payload/Runner.app/Frameworks/libswiftCoreMedia.dylib ... 
2018-07-17 11:39:02 +0000  262800 bytes for ./Payload/Runner.app/Frameworks/libswiftCoreMedia.dylib
2018-07-17 11:39:02 +0000  copying file ./Payload/Runner.app/AppIcon20x20~ipad.png ... 
531 bytes for ./Payload/Runner.app/AppIcon20x20~ipad.png
2018-07-17 11:39:02 +0000  copying file ./Payload/Runner.app/embedded.mobileprovision ... 
2018-07-17 11:39:02 +0000  27806 bytes for ./Payload/Runner.app/embedded.mobileprovision
copying file ./Payload/Runner.app/AppIcon20x20@2x~ipad.png ... 
2018-07-17 11:39:02 +0000  1304 bytes for ./Payload/Runner.app/AppIcon20x20@2x~ipad.png
copying file ./Payload/Runner.app/Info.plist ... 
2018-07-17 11:39:02 +0000  1414 bytes for ./Payload/Runner.app/Info.plist
2018-07-17 11:39:02 +0000  copying file ./Payload/Runner.app/PkgInfo ... 
8 bytes for ./Payload/Runner.app/PkgInfo
copying file ./Payload/Runner.app/AppIcon76x76~ipad.png ... 
2018-07-17 11:39:02 +0000  2357 bytes for ./Payload/Runner.app/AppIcon76x76~ipad.png
2018-07-17 11:39:02 +0000  2018-07-17 11:39:02 +0000  

2018-07-17 11:39:02 +0000  /usr/bin/ditto exited with 0
2018-07-17 11:39:02 +0000  
2018-07-17 11:39:02 +0000  
2018-07-17 11:39:02 +0000  Processing step: IDEDistributionCreateManifestStep
